TN:
SF:src\router.ts
FN:34,(anonymous_0)
FN:51,(anonymous_1)
FNF:2
FNH:1
FNDA:0,(anonymous_0)
FNDA:1,(anonymous_1)
DA:1,2
DA:2,2
DA:3,2
DA:11,2
DA:13,2
DA:15,2
DA:16,2
DA:23,2
DA:34,0
DA:40,2
DA:51,1
DA:60,2
DA:66,2
DA:72,2
LF:14
LH:13
BRF:0
BRH:0
end_of_record
TN:
SF:src\server.ts
FN:7,connectDB
FN:26,(anonymous_2)
FNF:2
FNH:2
FNDA:2,connectDB
FNDA:1,(anonymous_2)
DA:1,2
DA:2,2
DA:3,2
DA:4,2
DA:8,2
DA:9,2
DA:10,2
DA:13,0
DA:14,0
DA:17,2
DA:19,2
DA:22,2
DA:24,2
DA:26,2
DA:27,1
DA:30,2
LF:16
LH:14
BRF:0
BRH:0
end_of_record
TN:
SF:src\config\db.ts
FNF:0
FNH:0
DA:1,2
DA:2,2
DA:3,2
DA:5,2
DA:10,2
LF:5
LH:5
BRF:0
BRH:0
end_of_record
TN:
SF:src\handlers\product.ts
FN:4,(anonymous_1)
FN:19,(anonymous_2)
FN:36,(anonymous_3)
FN:47,(anonymous_4)
FN:65,(anonymous_5)
FN:84,(anonymous_6)
FNF:6
FNH:2
FNDA:2,(anonymous_1)
FNDA:1,(anonymous_2)
FNDA:0,(anonymous_3)
FNDA:0,(anonymous_4)
FNDA:0,(anonymous_5)
FNDA:0,(anonymous_6)
DA:2,2
DA:4,2
DA:5,2
DA:6,2
DA:13,2
DA:15,0
DA:19,2
DA:20,1
DA:21,1
DA:22,1
DA:23,1
DA:24,1
DA:25,1
DA:30,0
DA:32,0
DA:36,2
DA:37,0
DA:38,0
DA:41,0
DA:43,0
DA:47,2
DA:48,0
DA:49,0
DA:51,0
DA:52,0
DA:59,0
DA:60,0
DA:62,0
DA:65,2
DA:66,0
DA:67,0
DA:69,0
DA:70,0
DA:77,0
DA:79,0
DA:81,0
DA:84,2
DA:85,0
DA:86,0
DA:88,0
DA:89,0
DA:96,0
DA:98,0
DA:100,0
LF:44
LH:16
BRDA:24,0,0,1
BRDA:51,1,0,0
BRDA:69,2,0,0
BRDA:88,3,0,0
BRF:4
BRH:1
end_of_record
TN:
SF:src\middleware\index.ts
FN:4,(anonymous_0)
FNF:1
FNH:1
FNDA:3,(anonymous_0)
DA:2,2
DA:4,2
DA:5,3
DA:6,3
DA:7,3
DA:8,2
DA:10,1
LF:7
LH:7
BRDA:7,0,0,2
BRF:1
BRH:1
end_of_record
TN:
SF:src\models\Product.model.ts
FNF:0
FNH:0
DA:1,2
DA:7,2
DA:11,2
DA:16,2
DA:21,2
DA:24,2
LF:6
LH:6
BRF:0
BRH:0
end_of_record
